1660326041.943567 client started (3330957): version 3.3a, socket /tmp/tmux-1000/default, protocol 8
1660326041.943582 on Linux 5.13.13-1-MANJARO #1 SMP PREEMPT Thu Aug 26 20:34:21 UTC 2021
1660326041.943585 using libevent 2.1.12-stable (poll); ncurses 6.3
1660326041.943592 flags are 0x18010000
1660326041.943594 socket is /tmp/tmux-1000/default
1660326041.943599 trying connect
1660326041.943606 connect failed: Connection refused
1660326041.943610 lock file is /tmp/tmux-1000/default.lock
1660326041.943617 flock succeeded
1660326041.943619 got lock (6)
1660326041.943622 trying connect
1660326041.943624 connect failed: Connection refused
1660326041.943751 add peer 0x55dc8eeffc30: 7 ((nil))
1660326041.943958 sending message 100 to peer 0x55dc8eeffc30 (4 bytes)
1660326041.943964 sending message 111 to peer 0x55dc8eeffc30 (8 bytes)
1660326041.943967 sending message 101 to peer 0x55dc8eeffc30 (12 bytes)
1660326041.943970 sending message 109 to peer 0x55dc8eeffc30 (4 bytes)
1660326041.943973 sending message 102 to peer 0x55dc8eeffc30 (11 bytes)
1660326041.943976 sending message 108 to peer 0x55dc8eeffc30 (32 bytes)
1660326041.943978 sending message 112 to peer 0x55dc8eeffc30 (70 bytes)
1660326041.943981 sending message 112 to peer 0x55dc8eeffc30 (5 bytes)
1660326041.943984 sending message 112 to peer 0x55dc8eeffc30 (6 bytes)
1660326041.943987 sending message 112 to peer 0x55dc8eeffc30 (6 bytes)
1660326041.943989 sending message 112 to peer 0x55dc8eeffc30 (10 bytes)
1660326041.943991 sending message 112 to peer 0x55dc8eeffc30 (13 bytes)
1660326041.943994 sending message 112 to peer 0x55dc8eeffc30 (14 bytes)
1660326041.943997 sending message 112 to peer 0x55dc8eeffc30 (19 bytes)
1660326041.944000 sending message 112 to peer 0x55dc8eeffc30 (11 bytes)
1660326041.944002 sending message 112 to peer 0x55dc8eeffc30 (21 bytes)
1660326041.944005 sending message 112 to peer 0x55dc8eeffc30 (13 bytes)
1660326041.944007 sending message 112 to peer 0x55dc8eeffc30 (7 bytes)
1660326041.944011 sending message 112 to peer 0x55dc8eeffc30 (13 bytes)
1660326041.944014 sending message 112 to peer 0x55dc8eeffc30 (7 bytes)
1660326041.944017 sending message 112 to peer 0x55dc8eeffc30 (13 bytes)
1660326041.944020 sending message 112 to peer 0x55dc8eeffc30 (9 bytes)
1660326041.944023 sending message 112 to peer 0x55dc8eeffc30 (21 bytes)
1660326041.944025 sending message 112 to peer 0x55dc8eeffc30 (13 bytes)
1660326041.944028 sending message 112 to peer 0x55dc8eeffc30 (9 bytes)
1660326041.944031 sending message 112 to peer 0x55dc8eeffc30 (16 bytes)
1660326041.944033 sending message 112 to peer 0x55dc8eeffc30 (13 bytes)
1660326041.944036 sending message 112 to peer 0x55dc8eeffc30 (9 bytes)
1660326041.944039 sending message 112 to peer 0x55dc8eeffc30 (9 bytes)
1660326041.944042 sending message 112 to peer 0x55dc8eeffc30 (12 bytes)
1660326041.944044 sending message 112 to peer 0x55dc8eeffc30 (8 bytes)
1660326041.944047 sending message 112 to peer 0x55dc8eeffc30 (13 bytes)
1660326041.944049 sending message 112 to peer 0x55dc8eeffc30 (7 bytes)
1660326041.944052 sending message 112 to peer 0x55dc8eeffc30 (7 bytes)
1660326041.944055 sending message 112 to peer 0x55dc8eeffc30 (9 bytes)
1660326041.944058 sending message 112 to peer 0x55dc8eeffc30 (6 bytes)
1660326041.944061 sending message 112 to peer 0x55dc8eeffc30 (9 bytes)
1660326041.944062 sending message 112 to peer 0x55dc8eeffc30 (15 bytes)
1660326041.944064 sending message 112 to peer 0x55dc8eeffc30 (13 bytes)
1660326041.944066 sending message 112 to peer 0x55dc8eeffc30 (12 bytes)
1660326041.944068 sending message 112 to peer 0x55dc8eeffc30 (8 bytes)
1660326041.944069 sending message 112 to peer 0x55dc8eeffc30 (14 bytes)
1660326041.944071 sending message 112 to peer 0x55dc8eeffc30 (9 bytes)
1660326041.944073 sending message 112 to peer 0x55dc8eeffc30 (10 bytes)
1660326041.944075 sending message 112 to peer 0x55dc8eeffc30 (10 bytes)
1660326041.944078 sending message 112 to peer 0x55dc8eeffc30 (10 bytes)
1660326041.944081 sending message 112 to peer 0x55dc8eeffc30 (10 bytes)
1660326041.944083 sending message 112 to peer 0x55dc8eeffc30 (11 bytes)
1660326041.944091 sending message 112 to peer 0x55dc8eeffc30 (12 bytes)
1660326041.944092 sending message 112 to peer 0x55dc8eeffc30 (12 bytes)
1660326041.944094 sending message 112 to peer 0x55dc8eeffc30 (12 bytes)
1660326041.944096 sending message 112 to peer 0x55dc8eeffc30 (12 bytes)
1660326041.944098 sending message 112 to peer 0x55dc8eeffc30 (12 bytes)
1660326041.944101 sending message 112 to peer 0x55dc8eeffc30 (11 bytes)
1660326041.944104 sending message 112 to peer 0x55dc8eeffc30 (11 bytes)
1660326041.944106 sending message 112 to peer 0x55dc8eeffc30 (12 bytes)
1660326041.944108 sending message 112 to peer 0x55dc8eeffc30 (12 bytes)
1660326041.944111 sending message 112 to peer 0x55dc8eeffc30 (12 bytes)
1660326041.944113 sending message 112 to peer 0x55dc8eeffc30 (12 bytes)
1660326041.944116 sending message 112 to peer 0x55dc8eeffc30 (12 bytes)
1660326041.944119 sending message 112 to peer 0x55dc8eeffc30 (9 bytes)
1660326041.944121 sending message 112 to peer 0x55dc8eeffc30 (12 bytes)
1660326041.944124 sending message 112 to peer 0x55dc8eeffc30 (13 bytes)
1660326041.944126 sending message 112 to peer 0x55dc8eeffc30 (13 bytes)
1660326041.944129 sending message 112 to peer 0x55dc8eeffc30 (13 bytes)
1660326041.944132 sending message 112 to peer 0x55dc8eeffc30 (13 bytes)
1660326041.944133 sending message 112 to peer 0x55dc8eeffc30 (13 bytes)
1660326041.944135 sending message 112 to peer 0x55dc8eeffc30 (8 bytes)
1660326041.944137 sending message 112 to peer 0x55dc8eeffc30 (11 bytes)
1660326041.944138 sending message 112 to peer 0x55dc8eeffc30 (11 bytes)
1660326041.944140 sending message 112 to peer 0x55dc8eeffc30 (11 bytes)
1660326041.944142 sending message 112 to peer 0x55dc8eeffc30 (12 bytes)
1660326041.944144 sending message 112 to peer 0x55dc8eeffc30 (12 bytes)
1660326041.944145 sending message 112 to peer 0x55dc8eeffc30 (12 bytes)
1660326041.944147 sending message 112 to peer 0x55dc8eeffc30 (12 bytes)
1660326041.944149 sending message 112 to peer 0x55dc8eeffc30 (13 bytes)
1660326041.944150 sending message 112 to peer 0x55dc8eeffc30 (13 bytes)
1660326041.944152 sending message 112 to peer 0x55dc8eeffc30 (13 bytes)
1660326041.944154 sending message 112 to peer 0x55dc8eeffc30 (8 bytes)
1660326041.944156 sending message 112 to peer 0x55dc8eeffc30 (13 bytes)
1660326041.944159 sending message 112 to peer 0x55dc8eeffc30 (13 bytes)
1660326041.944162 sending message 112 to peer 0x55dc8eeffc30 (13 bytes)
1660326041.944164 sending message 112 to peer 0x55dc8eeffc30 (13 bytes)
1660326041.944166 sending message 112 to peer 0x55dc8eeffc30 (13 bytes)
1660326041.944169 sending message 112 to peer 0x55dc8eeffc30 (12 bytes)
1660326041.944172 sending message 112 to peer 0x55dc8eeffc30 (12 bytes)
1660326041.944175 sending message 112 to peer 0x55dc8eeffc30 (12 bytes)
1660326041.944177 sending message 112 to peer 0x55dc8eeffc30 (12 bytes)
1660326041.944179 sending message 112 to peer 0x55dc8eeffc30 (13 bytes)
1660326041.944181 sending message 112 to peer 0x55dc8eeffc30 (8 bytes)
1660326041.944183 sending message 112 to peer 0x55dc8eeffc30 (13 bytes)
1660326041.944186 sending message 112 to peer 0x55dc8eeffc30 (13 bytes)
1660326041.944189 sending message 112 to peer 0x55dc8eeffc30 (13 bytes)
1660326041.944191 sending message 112 to peer 0x55dc8eeffc30 (13 bytes)
1660326041.944193 sending message 112 to peer 0x55dc8eeffc30 (13 bytes)
1660326041.944195 sending message 112 to peer 0x55dc8eeffc30 (13 bytes)
1660326041.944197 sending message 112 to peer 0x55dc8eeffc30 (13 bytes)
1660326041.944200 sending message 112 to peer 0x55dc8eeffc30 (12 bytes)
1660326041.944202 sending message 112 to peer 0x55dc8eeffc30 (12 bytes)
1660326041.944205 sending message 112 to peer 0x55dc8eeffc30 (12 bytes)
1660326041.944207 sending message 112 to peer 0x55dc8eeffc30 (8 bytes)
1660326041.944209 sending message 112 to peer 0x55dc8eeffc30 (12 bytes)
1660326041.944212 sending message 112 to peer 0x55dc8eeffc30 (13 bytes)
1660326041.944215 sending message 112 to peer 0x55dc8eeffc30 (13 bytes)
1660326041.944217 sending message 112 to peer 0x55dc8eeffc30 (13 bytes)
1660326041.944230 sending message 112 to peer 0x55dc8eeffc30 (13 bytes)
1660326041.944232 sending message 112 to peer 0x55dc8eeffc30 (13 bytes)
1660326041.944235 sending message 112 to peer 0x55dc8eeffc30 (13 bytes)
1660326041.944237 sending message 112 to peer 0x55dc8eeffc30 (13 bytes)
1660326041.944239 sending message 112 to peer 0x55dc8eeffc30 (13 bytes)
1660326041.944241 sending message 112 to peer 0x55dc8eeffc30 (12 bytes)
1660326041.944244 sending message 112 to peer 0x55dc8eeffc30 (10 bytes)
1660326041.944246 sending message 112 to peer 0x55dc8eeffc30 (12 bytes)
1660326041.944248 sending message 112 to peer 0x55dc8eeffc30 (12 bytes)
1660326041.944251 sending message 112 to peer 0x55dc8eeffc30 (12 bytes)
1660326041.944253 sending message 112 to peer 0x55dc8eeffc30 (13 bytes)
1660326041.944256 sending message 112 to peer 0x55dc8eeffc30 (13 bytes)
1660326041.944258 sending message 112 to peer 0x55dc8eeffc30 (13 bytes)
1660326041.944260 sending message 112 to peer 0x55dc8eeffc30 (13 bytes)
1660326041.944263 sending message 112 to peer 0x55dc8eeffc30 (13 bytes)
1660326041.944265 sending message 112 to peer 0x55dc8eeffc30 (13 bytes)
1660326041.944268 sending message 112 to peer 0x55dc8eeffc30 (13 bytes)
1660326041.944270 sending message 112 to peer 0x55dc8eeffc30 (10 bytes)
1660326041.944272 sending message 112 to peer 0x55dc8eeffc30 (13 bytes)
1660326041.944275 sending message 112 to peer 0x55dc8eeffc30 (12 bytes)
1660326041.944277 sending message 112 to peer 0x55dc8eeffc30 (12 bytes)
1660326041.944280 sending message 112 to peer 0x55dc8eeffc30 (12 bytes)
1660326041.944283 sending message 112 to peer 0x55dc8eeffc30 (10 bytes)
1660326041.944286 sending message 112 to peer 0x55dc8eeffc30 (10 bytes)
1660326041.944288 sending message 112 to peer 0x55dc8eeffc30 (10 bytes)
1660326041.944290 sending message 112 to peer 0x55dc8eeffc30 (12 bytes)
1660326041.944293 sending message 112 to peer 0x55dc8eeffc30 (13 bytes)
1660326041.944295 sending message 112 to peer 0x55dc8eeffc30 (13 bytes)
1660326041.944297 sending message 112 to peer 0x55dc8eeffc30 (13 bytes)
1660326041.944300 sending message 112 to peer 0x55dc8eeffc30 (13 bytes)
1660326041.944303 sending message 112 to peer 0x55dc8eeffc30 (13 bytes)
1660326041.944306 sending message 112 to peer 0x55dc8eeffc30 (10 bytes)
1660326041.944308 sending message 112 to peer 0x55dc8eeffc30 (11 bytes)
1660326041.944311 sending message 112 to peer 0x55dc8eeffc30 (12 bytes)
1660326041.944313 sending message 112 to peer 0x55dc8eeffc30 (12 bytes)
1660326041.944316 sending message 112 to peer 0x55dc8eeffc30 (12 bytes)
1660326041.944319 sending message 112 to peer 0x55dc8eeffc30 (12 bytes)
1660326041.944321 sending message 112 to peer 0x55dc8eeffc30 (12 bytes)
1660326041.944324 sending message 112 to peer 0x55dc8eeffc30 (11 bytes)
1660326041.944326 sending message 112 to peer 0x55dc8eeffc30 (12 bytes)
1660326041.944328 sending message 112 to peer 0x55dc8eeffc30 (12 bytes)
1660326041.944331 sending message 112 to peer 0x55dc8eeffc30 (13 bytes)
1660326041.944333 sending message 112 to peer 0x55dc8eeffc30 (13 bytes)
1660326041.944336 sending message 112 to peer 0x55dc8eeffc30 (13 bytes)
1660326041.944338 sending message 112 to peer 0x55dc8eeffc30 (13 bytes)
1660326041.944341 sending message 112 to peer 0x55dc8eeffc30 (13 bytes)
1660326041.944344 sending message 112 to peer 0x55dc8eeffc30 (10 bytes)
1660326041.944347 sending message 112 to peer 0x55dc8eeffc30 (9 bytes)
1660326041.944349 sending message 112 to peer 0x55dc8eeffc30 (12 bytes)
1660326041.944352 sending message 112 to peer 0x55dc8eeffc30 (13 bytes)
1660326041.944355 sending message 112 to peer 0x55dc8eeffc30 (13 bytes)
1660326041.944357 sending message 112 to peer 0x55dc8eeffc30 (13 bytes)
1660326041.944360 sending message 112 to peer 0x55dc8eeffc30 (13 bytes)
1660326041.944363 sending message 112 to peer 0x55dc8eeffc30 (13 bytes)
1660326041.944365 sending message 112 to peer 0x55dc8eeffc30 (9 bytes)
1660326041.944367 sending message 112 to peer 0x55dc8eeffc30 (12 bytes)
1660326041.944369 sending message 112 to peer 0x55dc8eeffc30 (13 bytes)
1660326041.944373 sending message 112 to peer 0x55dc8eeffc30 (13 bytes)
1660326041.944375 sending message 112 to peer 0x55dc8eeffc30 (13 bytes)
1660326041.944376 sending message 112 to peer 0x55dc8eeffc30 (13 bytes)
1660326041.944378 sending message 112 to peer 0x55dc8eeffc30 (13 bytes)
1660326041.944380 sending message 112 to peer 0x55dc8eeffc30 (11 bytes)
1660326041.944381 sending message 112 to peer 0x55dc8eeffc30 (12 bytes)
1660326041.944383 sending message 112 to peer 0x55dc8eeffc30 (13 bytes)
1660326041.944384 sending message 112 to peer 0x55dc8eeffc30 (13 bytes)
1660326041.944386 sending message 112 to peer 0x55dc8eeffc30 (13 bytes)
1660326041.944388 sending message 112 to peer 0x55dc8eeffc30 (13 bytes)
1660326041.944389 sending message 112 to peer 0x55dc8eeffc30 (13 bytes)
1660326041.944391 sending message 112 to peer 0x55dc8eeffc30 (11 bytes)
1660326041.944393 sending message 112 to peer 0x55dc8eeffc30 (12 bytes)
1660326041.944394 sending message 112 to peer 0x55dc8eeffc30 (12 bytes)
1660326041.944396 sending message 112 to peer 0x55dc8eeffc30 (12 bytes)
1660326041.944398 sending message 112 to peer 0x55dc8eeffc30 (12 bytes)
1660326041.944399 sending message 112 to peer 0x55dc8eeffc30 (12 bytes)
1660326041.944401 sending message 112 to peer 0x55dc8eeffc30 (12 bytes)
1660326041.944404 sending message 112 to peer 0x55dc8eeffc30 (9 bytes)
1660326041.944406 sending message 112 to peer 0x55dc8eeffc30 (6 bytes)
1660326041.944408 sending message 112 to peer 0x55dc8eeffc30 (13 bytes)
1660326041.944409 sending message 112 to peer 0x55dc8eeffc30 (10 bytes)
1660326041.944411 sending message 112 to peer 0x55dc8eeffc30 (15 bytes)
1660326041.944413 sending message 112 to peer 0x55dc8eeffc30 (11 bytes)
1660326041.944414 sending message 112 to peer 0x55dc8eeffc30 (70 bytes)
1660326041.944416 sending message 112 to peer 0x55dc8eeffc30 (69 bytes)
1660326041.944418 sending message 112 to peer 0x55dc8eeffc30 (34 bytes)
1660326041.944419 sending message 112 to peer 0x55dc8eeffc30 (34 bytes)
1660326041.944421 sending message 112 to peer 0x55dc8eeffc30 (12 bytes)
1660326041.944423 sending message 112 to peer 0x55dc8eeffc30 (10 bytes)
1660326041.944424 sending message 112 to peer 0x55dc8eeffc30 (10 bytes)
1660326041.944426 sending message 112 to peer 0x55dc8eeffc30 (15 bytes)
1660326041.944428 sending message 112 to peer 0x55dc8eeffc30 (11 bytes)
1660326041.944429 sending message 112 to peer 0x55dc8eeffc30 (10 bytes)
1660326041.944432 sending message 112 to peer 0x55dc8eeffc30 (10 bytes)
1660326041.944433 sending message 112 to peer 0x55dc8eeffc30 (17 bytes)
1660326041.944435 sending message 112 to peer 0x55dc8eeffc30 (10 bytes)
1660326041.944437 sending message 112 to peer 0x55dc8eeffc30 (17 bytes)
1660326041.944439 sending message 112 to peer 0x55dc8eeffc30 (5 bytes)
1660326041.944440 sending message 112 to peer 0x55dc8eeffc30 (9 bytes)
1660326041.944442 sending message 112 to peer 0x55dc8eeffc30 (15 bytes)
1660326041.944444 sending message 104 to peer 0x55dc8eeffc30 (0 bytes)
1660326041.944446 sending message 110 to peer 0x55dc8eeffc30 (0 bytes)
1660326041.944447 sending message 107 to peer 0x55dc8eeffc30 (4 bytes)
1660326041.944449 sending message 105 to peer 0x55dc8eeffc30 (36 bytes)
1660326041.944451 sending message 105 to peer 0x55dc8eeffc30 (38 bytes)
1660326041.944453 sending message 105 to peer 0x55dc8eeffc30 (39 bytes)
1660326041.944454 sending message 105 to peer 0x55dc8eeffc30 (20 bytes)
1660326041.944456 sending message 105 to peer 0x55dc8eeffc30 (23 bytes)
1660326041.944458 sending message 105 to peer 0x55dc8eeffc30 (8 bytes)
1660326041.944460 sending message 105 to peer 0x55dc8eeffc30 (33 bytes)
1660326041.944462 sending message 105 to peer 0x55dc8eeffc30 (30 bytes)
1660326041.944464 sending message 105 to peer 0x55dc8eeffc30 (52 bytes)
1660326041.944467 sending message 105 to peer 0x55dc8eeffc30 (38 bytes)
1660326041.944470 sending message 105 to peer 0x55dc8eeffc30 (28 bytes)
1660326041.944472 sending message 105 to peer 0x55dc8eeffc30 (25 bytes)
1660326041.944475 sending message 105 to peer 0x55dc8eeffc30 (23 bytes)
1660326041.944479 sending message 105 to peer 0x55dc8eeffc30 (41 bytes)
1660326041.944481 sending message 105 to peer 0x55dc8eeffc30 (11 bytes)
1660326041.944483 sending message 105 to peer 0x55dc8eeffc30 (12 bytes)
1660326041.944485 sending message 105 to peer 0x55dc8eeffc30 (479 bytes)
1660326041.944486 sending message 105 to peer 0x55dc8eeffc30 (36 bytes)
1660326041.944488 sending message 105 to peer 0x55dc8eeffc30 (17 bytes)
1660326041.944490 sending message 105 to peer 0x55dc8eeffc30 (38 bytes)
1660326041.944492 sending message 105 to peer 0x55dc8eeffc30 (54 bytes)
1660326041.944494 sending message 105 to peer 0x55dc8eeffc30 (15 bytes)
1660326041.944496 sending message 105 to peer 0x55dc8eeffc30 (18 bytes)
1660326041.944498 sending message 105 to peer 0x55dc8eeffc30 (21 bytes)
1660326041.944499 sending message 105 to peer 0x55dc8eeffc30 (27 bytes)
1660326041.944501 sending message 105 to peer 0x55dc8eeffc30 (21 bytes)
1660326041.944503 sending message 105 to peer 0x55dc8eeffc30 (15 bytes)
1660326041.944505 sending message 105 to peer 0x55dc8eeffc30 (50 bytes)
1660326041.944506 sending message 105 to peer 0x55dc8eeffc30 (64 bytes)
1660326041.944508 sending message 105 to peer 0x55dc8eeffc30 (20 bytes)
1660326041.944509 sending message 105 to peer 0x55dc8eeffc30 (24 bytes)
1660326041.944511 sending message 105 to peer 0x55dc8eeffc30 (23 bytes)
1660326041.944513 sending message 105 to peer 0x55dc8eeffc30 (15 bytes)
1660326041.944514 sending message 105 to peer 0x55dc8eeffc30 (21 bytes)
1660326041.944516 sending message 105 to peer 0x55dc8eeffc30 (23 bytes)
1660326041.944518 sending message 105 to peer 0x55dc8eeffc30 (20 bytes)
1660326041.944519 sending message 105 to peer 0x55dc8eeffc30 (144 bytes)
1660326041.944522 sending message 105 to peer 0x55dc8eeffc30 (32 bytes)
1660326041.944524 sending message 105 to peer 0x55dc8eeffc30 (36 bytes)
1660326041.944525 sending message 105 to peer 0x55dc8eeffc30 (19 bytes)
1660326041.944527 sending message 105 to peer 0x55dc8eeffc30 (58 bytes)
1660326041.944529 sending message 105 to peer 0x55dc8eeffc30 (14 bytes)
1660326041.944530 sending message 105 to peer 0x55dc8eeffc30 (34 bytes)
1660326041.944532 sending message 105 to peer 0x55dc8eeffc30 (38 bytes)
1660326041.944534 sending message 105 to peer 0x55dc8eeffc30 (18 bytes)
1660326041.944535 sending message 105 to peer 0x55dc8eeffc30 (31 bytes)
1660326041.944537 sending message 105 to peer 0x55dc8eeffc30 (18 bytes)
1660326041.944539 sending message 105 to peer 0x55dc8eeffc30 (20 bytes)
1660326041.944540 sending message 105 to peer 0x55dc8eeffc30 (27 bytes)
1660326041.944542 sending message 105 to peer 0x55dc8eeffc30 (20 bytes)
1660326041.944543 sending message 105 to peer 0x55dc8eeffc30 (11 bytes)
1660326041.944545 sending message 105 to peer 0x55dc8eeffc30 (28 bytes)
1660326041.944548 sending message 105 to peer 0x55dc8eeffc30 (23 bytes)
1660326041.944549 sending message 105 to peer 0x55dc8eeffc30 (17 bytes)
1660326041.944551 sending message 105 to peer 0x55dc8eeffc30 (35 bytes)
1660326041.944552 sending message 105 to peer 0x55dc8eeffc30 (17 bytes)
1660326041.944554 sending message 105 to peer 0x55dc8eeffc30 (15 bytes)
1660326041.944556 sending message 106 to peer 0x55dc8eeffc30 (0 bytes)
1660326041.944584 sending message 200 to peer 0x55dc8eeffc30 (4 bytes)
1660326041.944586 client loop enter
1660326041.944596 client_signal: Child exited
1660326042.271150 peer 0x55dc8eeffc30 message 207
1660326042.271158 sending message 208 to peer 0x55dc8eeffc30 (0 bytes)
1660326044.898950 peer 0x55dc8eeffc30 message 203
1660326044.898960 sending message 205 to peer 0x55dc8eeffc30 (0 bytes)
1660326044.899089 peer 0x55dc8eeffc30 message 204
1660326044.899092 client loop exit
